


ARM Macro Assembler    Page 1 


    1 00000000         ; Filename:     ece353_hw1
    2 00000000         ; Author:       Shyamal Anadkat 
    3 00000000         ; Description:  
    4 00000000         
    5 00000000                 export           hw1
    6 00000000                 export           WS2812B_LEDS
    7 00000000                 export           UPDATE_LEDS
    8 00000000                 import           init_leds
    9 00000000                 import           rotate_mod_leds
   10 00000000                 import           write_leds
   11 00000000         ;*******************************************************
                       ************************* 
   12 00000000         ; SRAM
   13 00000000         ;*******************************************************
                       ************************* 
   14 00000000                 AREA             SRAM, READWRITE
   15 00000000 00 00 00 
              00 00 00 
              00 00 00 
              00 00 00 
              00 00 00 
              00 00 00 
              00 00 00 
              00 00 00 
              00 00 00 
              00 00 00 
              00 00    WS2812B_LEDS
                               SPACE            32          ; Space for 32-bit 
                                                            commands (24-bits u
                                                            sed) for 8 NeoPixel
                                                            s
   16 00000020 00 00 00 
              00       UPDATE_LEDS
                               SPACE            4
   17 00000024                 align
   18 00000024         
   19 00000024         
   20 00000024         ;*******************************************************
                       ************************* 
   21 00000024         ; Constant Variables (FLASH) Segment
   22 00000024         ;*******************************************************
                       ************************* 
   23 00000024                 AREA             FLASH, CODE, READONLY
   24 00000000                 align
   25 00000000         
   26 00000000         ;****************************************
   27 00000000         ; Rename registers for coad readability *
   28 00000000         ;****************************************
   29 00000000        0 
                       LEDS    RN               R0
   30 00000000        1 
                       UPDATE  RN               R1
   31 00000000         
   32 00000000         ;*******************************************************
                       ************************* 
   33 00000000         ;*******************************************************
                       ************************* 
   34 00000000         hw1     PROC
   35 00000000         ;Setup argument to pass to init_leds



ARM Macro Assembler    Page 2 


   36 00000000 480E            LDR              LEDS, =(WS2812B_LEDS)
   37 00000002 490F            LDR              UPDATE, =(UPDATE_LEDS)
   38 00000004         ;call init_leds routine 
   39 00000004 F7FF FFFE       BL               init_leds
   40 00000008 F04F 0108       MOV              R1, #8
   41 0000000C         
   42 0000000C         infinite_loop
   43 0000000C 490C            LDR              UPDATE, =(UPDATE_LEDS)
   44 0000000E F04F 0300       MOV              R3, #0
   45 00000012 428B            CMP              R3, UPDATE
   46 00000014 D0FA            BEQ              infinite_loop
   47 00000016         
   48 00000016 B672            CPSID            I
   49 00000018         ;set update-leds to 0 
   50 00000018 F240 0900 
              F2C0 0900        MOV32            R9, #0x00000000
   51 00000020 F8C1 9000       STR              R9, [UPDATE]
   52 00000024         
   53 00000024 F04F 0108       MOV              R1, #8
   54 00000028 F7FF FFFE       BL               rotate_mod_leds
   55 0000002C         
   56 0000002C F247 32FC 
              F2C4 0200        MOV32            R2, #0x400073FC ;3rd arg 
   57 00000034 F7FF FFFE       BL               write_leds
   58 00000038         
   59 00000038 B662            CPSIE            I
   60 0000003A E7E7            B                infinite_loop
   61 0000003C         
   62 0000003C                 ENDP
   63 0000003C                 align
   64 0000003C         
   65 0000003C         
   66 0000003C                 END
              00000000 
              00000000 
Command Line: --debug --xref --diag_suppress=9931 --cpu=Cortex-M4.fp --apcs=int
erwork --depend=.\obj\ece353_hw1.d -o.\obj\ece353_hw1.o -IC:\ECE353\HW1\RTE\_HW
1 -IC:\Keil_v5\ARM\PACK\ARM\CMSIS\5.0.1\CMSIS\Include -IC:\Keil_v5\ARM\PACK\Kei
l\TM4C_DFP\1.1.0\Device\Include\TM4C123 --predefine="__EVAL SETA 1" --predefine
="__MICROLIB SETA 1" --predefine="__UVISION_VERSION SETA 522" --predefine="_RTE
_ SETA 1" --predefine="TM4C123GH6PM SETA 1" --list=.\lst\ece353_hw1.lst ece353_
hw1.s



ARM Macro Assembler    Page 1 Alphabetic symbol ordering
Relocatable symbols

SRAM 00000000

Symbol: SRAM
   Definitions
      At line 14 in file ece353_hw1.s
   Uses
      None
Comment: SRAM unused
UPDATE_LEDS 00000020

Symbol: UPDATE_LEDS
   Definitions
      At line 16 in file ece353_hw1.s
   Uses
      At line 7 in file ece353_hw1.s
      At line 37 in file ece353_hw1.s
      At line 43 in file ece353_hw1.s

WS2812B_LEDS 00000000

Symbol: WS2812B_LEDS
   Definitions
      At line 15 in file ece353_hw1.s
   Uses
      At line 6 in file ece353_hw1.s
      At line 36 in file ece353_hw1.s

3 symbols



ARM Macro Assembler    Page 1 Alphabetic symbol ordering
Relocatable symbols

FLASH 00000000

Symbol: FLASH
   Definitions
      At line 23 in file ece353_hw1.s
   Uses
      None
Comment: FLASH unused
hw1 00000000

Symbol: hw1
   Definitions
      At line 34 in file ece353_hw1.s
   Uses
      At line 5 in file ece353_hw1.s
Comment: hw1 used once
infinite_loop 0000000C

Symbol: infinite_loop
   Definitions
      At line 42 in file ece353_hw1.s
   Uses
      At line 46 in file ece353_hw1.s
      At line 60 in file ece353_hw1.s

3 symbols



ARM Macro Assembler    Page 1 Alphabetic symbol ordering
External symbols

init_leds 00000000

Symbol: init_leds
   Definitions
      At line 8 in file ece353_hw1.s
   Uses
      At line 39 in file ece353_hw1.s
Comment: init_leds used once
rotate_mod_leds 00000000

Symbol: rotate_mod_leds
   Definitions
      At line 9 in file ece353_hw1.s
   Uses
      At line 54 in file ece353_hw1.s
Comment: rotate_mod_leds used once
write_leds 00000000

Symbol: write_leds
   Definitions
      At line 10 in file ece353_hw1.s
   Uses
      At line 57 in file ece353_hw1.s
Comment: write_leds used once
3 symbols
349 symbols in table
