


ARM Macro Assembler    Page 1 


    1 00000000         ; Filename:     leds_write.s
    2 00000000         ; Author:       Shyamal Anadkat
    3 00000000         ; Description:  writing to leds
    4 00000000         
    5 00000000                 export           write_leds
    6 00000000         ;*******************************************************
                       ************************* 
    7 00000000         ; Constant Variables (FLASH) Segment
    8 00000000         ;*******************************************************
                       ************************* 
    9 00000000                 AREA             FLASH, CODE, READONLY
   10 00000000                 align
   11 00000000         
   12 00000000         ;****************************************
   13 00000000         ; Rename registers for coad readability *
   14 00000000         ;****************************************
   15 00000000        0 
                       LED_ARRAY_ADDR
                               RN               R0          ; passed in as argu
                                                            ment
   16 00000000        1 
                       NUM_LEDS
                               RN               R1          ; passed in as argu
                                                            ment
   17 00000000        2 
                       GPIO_ADDR
                               RN               R2          ; passed in as argu
                                                            ment
   18 00000000        3 
                       LED_INDEX
                               RN               R3          ; working index for
                                                             accessing LED data
                                                            
   19 00000000        4 
                       LED_DATA
                               RN               R4          ; stores LED color 
                                                            data
   20 00000000        5 
                       LOGIC_HIGH
                               RN               R5          ; used to store a 0
                                                            x80 for writing log
                                                            ic high to GPIO
   21 00000000        6 
                       LOGIC_LOW
                               RN               R6          ; used to store a 0
                                                            x00 for wrting logi
                                                            c low to GPIO
   22 00000000        7 
                       DELAY_INDX
                               RN               R7          ; used as index in 
                                                            delay loops
   23 00000000        8 
                       BIT_INDX
                               RN               R8          ; used as bit index
                                                             for 24-bit loop
   24 00000000         
   25 00000000         ;*******************************************************
                       *************************
   26 00000000         ; function write_leds



ARM Macro Assembler    Page 2 


   27 00000000         ;  
   28 00000000         ; Description: 
   29 00000000         ;  writes to leds and maintains neopixels
   30 00000000         ; Parameters: R0 - LED ARRAY ADDR
   31 00000000         ;     R1 - NUM_LEDS
   32 00000000         ;     R2 - GPIO_ADDRESS
   33 00000000         ;
   34 00000000         ; Returns: 
   35 00000000         ;*******************************************************
                       *************************        
   36 00000000         write_leds
                               PROC
   37 00000000         ;;;;;;;;;;;;;;;;;;;;;;;;;;;;;;;;;;;;;;;;;;;;;;;;;;;;;;;;
                       ;;;
   38 00000000         ;; LED_ARRAY_ADDR will be passed value of led_array_addr
                        ;;
   39 00000000         ;; NUM_LEDS will be passed array size (number of LEDs)  
                        ;;
   40 00000000         ;; GPIO_ADDR will be passed the address of the GPIO port
                        ;;
   41 00000000         ;; the LEDs are connected to                            
                        ;;
   42 00000000         ;;;;;;;;;;;;;;;;;;;;;;;;;;;;;;;;;;;;;;;;;;;;;;;;;;;;;;;;
                       ;;;
   43 00000000         
   44 00000000 E92D 01F0       PUSH             {R4-R8}     ; Store off registe
                                                            rs modified to make
                                                             EABI compliant
   45 00000004         
   46 00000004 F04F 0580       MOV              LOGIC_HIGH, #0x80 ; used to wri
                                                            te a 1 to port pin
   47 00000008 F04F 0600       MOV              LOGIC_LOW, #0x00 ; used to writ
                                                            e a 0 to port pin
   48 0000000C F101 0301       ADD              LED_INDEX, NUM_LEDS, #1 ; start
                                                             LED_INDEX at NUM_L
                                                            EDS+1 because decre
                                                            mented immediately 
                                                            in loop
   49 00000010         
   50 00000010         write_loop                           ; for number of Neo
                                                            Pixels to write
   51 00000010 1E5B            SUBS             LED_INDEX, LED_INDEX, #1 ; subt
                                                            ract 1 from index
   52 00000012 2B00            CMP              LED_INDEX, #0 
                                                            ; is index zero...
   53 00000014 D03C            BEQ              done_write  ;    if so we are d
                                                            one
   54 00000016 F850 4B04       LDR              LED_DATA, [LED_ARRAY_ADDR], #4 
                                                            ; read 24-bit LED d
                                                            ata and increment p
                                                            ointer to next LED 
                                                            data
   55 0000001A F04F 0818       MOV              BIT_INDX, #24 ; index on bit lo
                                                            op for 24 bits in a
                                                             LED
   56 0000001E         
   57 0000001E         bit_loop
   58 0000001E 7015            STRB             LOGIC_HIGH, [GPIO_ADDR] ; all N
                                                            eoPixel bits begin 



ARM Macro Assembler    Page 3 


                                                            with logic high wri
                                                            te to GPIO
   59 00000020 F414 0F00       TST              LED_DATA, #0x00800000 ; is MSB 
                                                            of LED_DATA set
   60 00000024 EA4F 0444       MOV              LED_DATA, LED_DATA, LSL #1 ; sh
                                                            ift register left t
                                                            o get to next bit
   61 00000028 D018            BEQ              write_zero  ; if MSB of data wa
                                                            s not set we write 
                                                            logic zero to seria
                                                            l out
   62 0000002A         ;;;;;;;;;;;;;;;;;;;;;;;;;;;;;;;;;;;;;;
   63 0000002A         ;; Below is write a "1" to NeoPixel ;;
   64 0000002A         ;;;;;;;;;;;;;;;;;;;;;;;;;;;;;;;;;;;;;;
   65 0000002A F04F 0708       MOV              DELAY_INDX, #8 ; currently at 4
                                                             clock cycles of hi
                                                            gh, need 40 total, 
                                                            (8-1)*4+2 = 30 cloc
                                                            k cycles
   66 0000002E         high_delay1                          ; loop below takes 
                                                            (N-1)*4+2 clock cyc
                                                            les.  Using N of 7,
                                                             to get 30 cyles of
                                                             delay
   67 0000002E 1E7F            SUBS             DELAY_INDX, DELAY_INDX, #1
   68 00000030 D1FD            BNE              high_delay1
   69 00000032         ;; Add 6 NOPs to flush out needed delay for total of 40 
                       clocks with logic high on pin
   70 00000032 BF00            NOP
   71 00000034 BF00            NOP
   72 00000036 BF00            NOP
   73 00000038 BF00            NOP
   74 0000003A BF00            NOP
   75 0000003C BF00            NOP
   76 0000003E 7016            STRB             LOGIC_LOW, [GPIO_ADDR] ; clear 
                                                            GPIO pin as part of
                                                             a write of "1" to 
                                                            LED, now need 22 lo
                                                            w cycles
   77 00000040 F04F 0703       MOV              DELAY_INDX, #3 ; (3-1)*4+2 = 10
                                                             clock cycles delay
                                                            , need 22 low prior
                                                             to next write of "
                                                            1"
   78 00000044         low_delay1
   79 00000044 1E7F            SUBS             DELAY_INDX, DELAY_INDX, #1
   80 00000046 D1FD            BNE              low_delay1
   81 00000048 BF00            NOP
   82 0000004A F1B8 0801       SUBS             BIT_INDX, BIT_INDX, #1 ; decrem
                                                            ent bit index
   83 0000004E D0DF            BEQ              write_loop  ; done with this 24
                                                            -bits of LED data, 
                                                            move on to next 24-
                                                            bits of LED data
   84 00000050         ; 5 NOPs to flush out needed delay for total of 22 clock
                       s with logic low on pin
   85 00000050 BF00            NOP
   86 00000052 BF00            NOP
   87 00000054 BF00            NOP



ARM Macro Assembler    Page 4 


   88 00000056 BF00            NOP
   89 00000058 BF00            NOP
   90 0000005A E7E0            B                bit_loop
   91 0000005C         
   92 0000005C         write_zero
   93 0000005C F04F 0703       MOV              DELAY_INDX, #3 ; (3-1)*4+2 = 10
                                                             clock cycles delay
                                                            , at 6 by end of th
                                                            is instr, need 20 h
                                                            igh
   94 00000060         high_delay0
   95 00000060 1E7F            SUBS             DELAY_INDX, DELAY_INDX, #1
   96 00000062 D1FD            BNE              high_delay0
   97 00000064         ; 4 NOPs to flush out needed delay for total of 20 clock
                       s with logic high on pin
   98 00000064 BF00            NOP
   99 00000066 BF00            NOP
  100 00000068 BF00            NOP
  101 0000006A BF00            NOP
  102 0000006C 7016            STRB             LOGIC_LOW, [GPIO_ADDR] 
                                                            ; clear GPIO pin
  103 0000006E F04F 0708       MOV              DELAY_INDX, #8 ; (8-1)*4+2 = 30
                                                             clock cycles, need
                                                             42 low
  104 00000072         low_delay0
  105 00000072 1E7F            SUBS             DELAY_INDX, DELAY_INDX, #1
  106 00000074 D1FD            BNE              low_delay0
  107 00000076 BF00            NOP
  108 00000078 F1B8 0801       SUBS             BIT_INDX, BIT_INDX, #1 ; decrem
                                                            ent bit index
  109 0000007C D0C8            BEQ              write_loop  ; done with this 24
                                                            -bits of LED data, 
                                                            move on to next 24-
                                                            bits of LED data
  110 0000007E         ;8 NOPs to flush out needed delay for total of 42 clocks
                        with logic low on pin
  111 0000007E BF00            NOP
  112 00000080 BF00            NOP
  113 00000082 BF00            NOP
  114 00000084 BF00            NOP
  115 00000086 BF00            NOP
  116 00000088 BF00            NOP
  117 0000008A BF00            NOP
  118 0000008C BF00            NOP
  119 0000008E E7C6            B                bit_loop
  120 00000090         
  121 00000090         done_write
  122 00000090 E8BD 01F0       POP              {R4-R8}     ;Restore registers 
                                                            prior to return
  123 00000094 4770            BX               LR          ; return from the f
                                                            unction
  124 00000096                 ENDP
  125 00000096 00 00           align
  126 00000098         
  127 00000098                 END
Command Line: --debug --xref --diag_suppress=9931 --cpu=Cortex-M4.fp --apcs=int
erwork --depend=.\obj\write_leds.d -o.\obj\write_leds.o -IC:\ECE353\HW1\RTE\_HW
1 -IC:\Keil_v5\ARM\PACK\ARM\CMSIS\5.0.1\CMSIS\Include -IC:\Keil_v5\ARM\PACK\Kei
l\TM4C_DFP\1.1.0\Device\Include\TM4C123 --predefine="__EVAL SETA 1" --predefine



ARM Macro Assembler    Page 5 


="__MICROLIB SETA 1" --predefine="__UVISION_VERSION SETA 522" --predefine="_RTE
_ SETA 1" --predefine="TM4C123GH6PM SETA 1" --list=.\lst\write_leds.lst write_l
eds.s



ARM Macro Assembler    Page 1 Alphabetic symbol ordering
Relocatable symbols

FLASH 00000000

Symbol: FLASH
   Definitions
      At line 9 in file write_leds.s
   Uses
      None
Comment: FLASH unused
bit_loop 0000001E

Symbol: bit_loop
   Definitions
      At line 57 in file write_leds.s
   Uses
      At line 90 in file write_leds.s
      At line 119 in file write_leds.s

done_write 00000090

Symbol: done_write
   Definitions
      At line 121 in file write_leds.s
   Uses
      At line 53 in file write_leds.s
Comment: done_write used once
high_delay0 00000060

Symbol: high_delay0
   Definitions
      At line 94 in file write_leds.s
   Uses
      At line 96 in file write_leds.s
Comment: high_delay0 used once
high_delay1 0000002E

Symbol: high_delay1
   Definitions
      At line 66 in file write_leds.s
   Uses
      At line 68 in file write_leds.s
Comment: high_delay1 used once
low_delay0 00000072

Symbol: low_delay0
   Definitions
      At line 104 in file write_leds.s
   Uses
      At line 106 in file write_leds.s
Comment: low_delay0 used once
low_delay1 00000044

Symbol: low_delay1
   Definitions
      At line 78 in file write_leds.s
   Uses
      At line 80 in file write_leds.s
Comment: low_delay1 used once
write_leds 00000000




ARM Macro Assembler    Page 2 Alphabetic symbol ordering
Relocatable symbols

Symbol: write_leds
   Definitions
      At line 36 in file write_leds.s
   Uses
      At line 5 in file write_leds.s
Comment: write_leds used once
write_loop 00000010

Symbol: write_loop
   Definitions
      At line 50 in file write_leds.s
   Uses
      At line 83 in file write_leds.s
      At line 109 in file write_leds.s

write_zero 0000005C

Symbol: write_zero
   Definitions
      At line 92 in file write_leds.s
   Uses
      At line 61 in file write_leds.s
Comment: write_zero used once
10 symbols
355 symbols in table
