


ARM Macro Assembler    Page 1 


    1 00000000         ; Filename:     main.s 
    2 00000000         ; Author:       Shyamal Anadkat 
    3 00000000         ; Description:  
    4 00000000         
    5 00000000                 export           __main
    6 00000000         
    7 00000000         ;**********************************************
    8 00000000         ; Add Symbolic Constants here
    9 00000000         ;**********************************************
   10 00000000 00000001 
                       BYTE    EQU              1
   11 00000000 00000002 
                       HALF_WORD
                               EQU              2
   12 00000000 00000004 
                       WORD    EQU              4
   13 00000000         ;**********************************************
   14 00000000         ; SRAM
   15 00000000         ;**********************************************
   16 00000000                 AREA             SRAM, READWRITE
   17 00000000 00 00 00 
              00 00 00 
              00 00 00 
              00 00 00 
              00 00 00 
              00       ARRAY1  SPACE            8*HALF_WORD
   18 00000010 00 00 00 
              00 00 00 
              00 00 00 
              00 00 00 
              00 00 00 
              00       ARRAY2  SPACE            8*HALF_WORD
   19 00000020                 align
   20 00000020         
   21 00000020         ;**********************************************
   22 00000020         ; Constant Variables (FLASH) Segment
   23 00000020         ;**********************************************
   24 00000020                 AREA             FLASH, CODE, READONLY
   25 00000000 00 00   LTABLE  DCW              0
   26 00000002 01 00           DCW              1
   27 00000004 08 00           DCW              8
   28 00000006 1B 00           DCW              27
   29 00000008 40 00           DCW              64
   30 0000000A 7D 00           DCW              125
   31 0000000C D8 00           DCW              216
   32 0000000E 57 01           DCW              343
   33 00000010                 align
   34 00000010         
   35 00000010         ;**********************************************
   36 00000010         ; Code (FLASH) Segment
   37 00000010         ; main assembly program
   38 00000010         ;**********************************************
   39 00000010         __main  PROC
   40 00000010 F2AF 0014       ADR              R0, LTABLE
   41 00000014 490F            LDR              R1, =(ARRAY1)
   42 00000016 4A10            LDR              R2, =(ARRAY2)
   43 00000018         
   44 00000018 F8B0 A00C       LDRH             R10, [R0, #12] ;Place 0xD8 into
                                                             R10 using LTABLE.



ARM Macro Assembler    Page 2 


   45 0000001C         
   46 0000001C         ;Copy the contents of LTABLE into ARRAY1 using the half 
                       word versions of LDR/STR.  
   47 0000001C         ;Use pre-indexed load/stores
   48 0000001C 8803            LDRH             R3, [R0, #0*HALF_WORD]
   49 0000001E 800B            STRH             R3, [R1, #0*HALF_WORD]
   50 00000020 8883            LDRH             R3, [R0, #2*HALF_WORD]
   51 00000022 808B            STRH             R3, [R1, #2*HALF_WORD]
   52 00000024 8903            LDRH             R3, [R0, #4*HALF_WORD]
   53 00000026 810B            STRH             R3, [R1, #4*HALF_WORD]
   54 00000028 8983            LDRH             R3, [R0, #6*HALF_WORD]
   55 0000002A 818B            STRH             R3, [R1, #6*HALF_WORD]
   56 0000002C 8A03            LDRH             R3, [R0, #8*HALF_WORD]
   57 0000002E 820B            STRH             R3, [R1, #8*HALF_WORD]
   58 00000030         
   59 00000030         ;Copy the contents of LTABLE into ARRAY2 using the half 
                       word versions of LDR/STR.  
   60 00000030         ;Use post-indexed load/stores
   61 00000030 F830 3B02       LDRH             R3, [R0], #2
   62 00000034 F822 3B02       STRH             R3, [R2], #2
   63 00000038 F830 3B02       LDRH             R3, [R0], #2
   64 0000003C F822 3B02       STRH             R3, [R2], #2
   65 00000040 F830 3B02       LDRH             R3, [R0], #2
   66 00000044 F822 3B02       STRH             R3, [R2], #2
   67 00000048 F830 3B02       LDRH             R3, [R0], #2
   68 0000004C F822 3B02       STRH             R3, [R2], #2
   69 00000050         ; DO NOT MODIFY ANTHING BELOW THIS LINE!!! 
   70 00000050         
   71 00000050         INFINITE_LOOP
   72 00000050 E7FE            B                INFINITE_LOOP
   73 00000052         
   74 00000052                 ENDP
   75 00000052 00 00           align
   76 00000054         
   77 00000054         
   78 00000054                 END
              00000000 
              00000000 
Command Line: --debug --xref --cpu=Cortex-M4.fp --apcs=interwork --depend=.\obj
\ece353_main.d -o.\obj\ece353_main.o -II:\ECE353\ICE-03-LoadStore\RTE -IC:\AppV
\mdk_510\ARM\PACK\ARM\CMSIS\4.1.1\CMSIS\Include -IC:\AppV\mdk_510\ARM\PACK\Keil
\TM4C_DFP\1.0.0\Device\Include\TM4C123 --predefine="__EVAL SETA 1" --predefine=
"__MICROLIB SETA 1" --list=.\lst\ece353_main.lst ece353_main.s



ARM Macro Assembler    Page 1 Alphabetic symbol ordering
Relocatable symbols

ARRAY1 00000000

Symbol: ARRAY1
   Definitions
      At line 17 in file ece353_main.s
   Uses
      At line 41 in file ece353_main.s
Comment: ARRAY1 used once
ARRAY2 00000010

Symbol: ARRAY2
   Definitions
      At line 18 in file ece353_main.s
   Uses
      At line 42 in file ece353_main.s
Comment: ARRAY2 used once
SRAM 00000000

Symbol: SRAM
   Definitions
      At line 16 in file ece353_main.s
   Uses
      None
Comment: SRAM unused
3 symbols



ARM Macro Assembler    Page 1 Alphabetic symbol ordering
Relocatable symbols

FLASH 00000000

Symbol: FLASH
   Definitions
      At line 24 in file ece353_main.s
   Uses
      None
Comment: FLASH unused
INFINITE_LOOP 00000050

Symbol: INFINITE_LOOP
   Definitions
      At line 71 in file ece353_main.s
   Uses
      At line 72 in file ece353_main.s
Comment: INFINITE_LOOP used once
LTABLE 00000000

Symbol: LTABLE
   Definitions
      At line 25 in file ece353_main.s
   Uses
      At line 40 in file ece353_main.s
Comment: LTABLE used once
__main 00000010

Symbol: __main
   Definitions
      At line 39 in file ece353_main.s
   Uses
      At line 5 in file ece353_main.s
Comment: __main used once
4 symbols



ARM Macro Assembler    Page 1 Alphabetic symbol ordering
Absolute symbols

BYTE 00000001

Symbol: BYTE
   Definitions
      At line 10 in file ece353_main.s
   Uses
      None
Comment: BYTE unused
HALF_WORD 00000002

Symbol: HALF_WORD
   Definitions
      At line 11 in file ece353_main.s
   Uses
      At line 17 in file ece353_main.s
      At line 18 in file ece353_main.s
      At line 48 in file ece353_main.s
      At line 49 in file ece353_main.s
      At line 50 in file ece353_main.s
      At line 51 in file ece353_main.s
      At line 52 in file ece353_main.s
      At line 53 in file ece353_main.s
      At line 54 in file ece353_main.s
      At line 55 in file ece353_main.s
      At line 56 in file ece353_main.s
      At line 57 in file ece353_main.s

WORD 00000004

Symbol: WORD
   Definitions
      At line 12 in file ece353_main.s
   Uses
      None
Comment: WORD unused
3 symbols
345 symbols in table
